2025-09-05 13:22:21,683 - __main__ - INFO - === STARTING LIVEKIT CHATBOT ===
2025-09-05 13:22:21,683 - __main__ - INFO - Starting input handler...
2025-09-05 13:22:21,685 - __main__ - INFO - Connecting to LiveKit room...
2025-09-05 13:22:21,712 - livekit - INFO - livekit_ffi::server:139:livekit_ffi::server - initializing ffi server v0.12.30
2025-09-05 13:22:21,712 - livekit - INFO - livekit_ffi::cabi:36:livekit_ffi::cabi - initializing ffi server v0.12.30
2025-09-05 13:22:21,760 - livekit - INFO - livekit_api::signal_client::signal_stream:106:livekit_api::signal_client::signal_stream - connecting to wss://my-first-project-7ci5luaf.livekit.cloud/rtc?sdk=python&protocol=16&auto_subscribe=1&adaptive_stream=0&version=1.0.12&access_token=...
2025-09-05 13:22:22,897 - __main__ - INFO - Connected to room 123
2025-09-05 13:22:22,897 - __main__ - INFO - Starting background tasks...
2025-09-05 13:22:22,898 - __main__ - INFO - === Chatbot started. Type /quit to exit. ===
2025-09-05 13:22:22,898 - __main__ - INFO - Message processing task started
2025-09-05 13:22:28,241 - __main__ - ERROR - Error in message processing: DataPacket.__init__() missing 1 required positional argument: 'participant'
2025-09-05 13:22:28,242 - __main__ - INFO - Message processing task ended
2025-09-05 13:22:43,524 - __main__ - INFO - Starting cleanup...
2025-09-05 13:22:43,599 - __main__ - INFO - === CLEANUP COMPLETE ===
2025-09-05 13:22:45,662 - __main__ - INFO - === STARTING LIVEKIT CHATBOT ===
2025-09-05 13:22:45,663 - __main__ - INFO - Starting input handler...
2025-09-05 13:22:45,663 - __main__ - INFO - Connecting to LiveKit room...
2025-09-05 13:22:45,665 - livekit - INFO - livekit_ffi::server:139:livekit_ffi::server - initializing ffi server v0.12.30
2025-09-05 13:22:45,665 - livekit - INFO - livekit_ffi::cabi:36:livekit_ffi::cabi - initializing ffi server v0.12.30
2025-09-05 13:22:45,670 - livekit - INFO - livekit_api::signal_client::signal_stream:106:livekit_api::signal_client::signal_stream - connecting to wss://my-first-project-7ci5luaf.livekit.cloud/rtc?sdk=python&protocol=16&auto_subscribe=1&adaptive_stream=0&version=1.0.12&access_token=...
2025-09-05 13:22:46,380 - __main__ - INFO - Connected to room 123
2025-09-05 13:22:46,380 - __main__ - INFO - Starting background tasks...
2025-09-05 13:22:46,381 - __main__ - INFO - === Chatbot started. Type /quit to exit. ===
2025-09-05 13:22:46,381 - __main__ - INFO - Message processing task started
2025-09-05 13:22:51,394 - __main__ - ERROR - Error in message processing: DataPacket.__init__() missing 1 required positional argument: 'participant'
2025-09-05 13:22:51,394 - __main__ - INFO - Message processing task ended
2025-09-05 13:23:08,176 - __main__ - INFO - Starting cleanup...
2025-09-05 13:23:08,237 - livekit - INFO - livekit::room:1388:livekit::room - disconnected from room with reason: ClientInitiated
2025-09-05 13:23:08,238 - __main__ - INFO - Disconnected from LiveKit room: 1
2025-09-05 13:23:08,239 - __main__ - INFO - === CLEANUP COMPLETE ===
